<?xml version="1.0" encoding="utf-8"?><testsuites name="pytest tests"><testsuite name="pytest" errors="0" failures="0" skipped="0" tests="13" time="12.878" timestamp="2026-05-04T05:26:23.004712+00:00" hostname="agent-env-098f174e-f486-4707-a893-430d5161bdff"><testcase classname="backend.tests.test_library_api" name="test_library_empty_returns_documents_array" time="0.232" /><testcase classname="backend.tests.test_library_api" name="test_library_groups_sessions_and_orders_newest_first" time="0.065" /><testcase classname="backend.tests.test_library_api" name="test_library_reflects_deletion" time="0.146" /><testcase classname="backend.tests.test_library_api" name="test_library_preview_truncated_to_160" time="0.052" /><testcase classname="backend.tests.test_reader_api" name="test_root_returns_reader_api" time="0.050" /><testcase classname="backend.tests.test_reader_api" name="test_analyze_good_image_returns_ok_quality" time="8.821" /><testcase classname="backend.tests.test_reader_api" name="test_analyze_good_image_transcription_contains_expected_text" time="0.000" /><testcase classname="backend.tests.test_reader_api" name="test_get_pages_after_analyze" time="0.053" /><testcase classname="backend.tests.test_reader_api" name="test_chat_returns_answer" time="1.154" /><testcase classname="backend.tests.test_reader_api" name="test_chat_404_when_no_pages" time="0.046" /><testcase classname="backend.tests.test_reader_api" name="test_analyze_blurry_image" time="1.972" /><testcase classname="backend.tests.test_reader_api" name="test_delete_pages_clears_session" time="0.137" /><testcase classname="backend.tests.test_reader_api" name="test_delete_nonexistent_session_returns_zero" time="0.045" /></testsuite></testsuites>