<?xml version="1.0" encoding="utf-8"?><testsuites name="pytest tests"><testsuite name="pytest" errors="0" failures="0" skipped="0" tests="9" time="13.574" timestamp="2026-05-04T03:22:23.098803+00:00" hostname="agent-env-098f174e-f486-4707-a893-430d5161bdff"><testcase classname="backend.tests.test_reader_api" name="test_root_returns_reader_api" time="0.180" /><testcase classname="backend.tests.test_reader_api" name="test_analyze_good_image_returns_ok_quality" time="8.657" /><testcase classname="backend.tests.test_reader_api" name="test_analyze_good_image_transcription_contains_expected_text" time="0.000" /><testcase classname="backend.tests.test_reader_api" name="test_get_pages_after_analyze" time="0.052" /><testcase classname="backend.tests.test_reader_api" name="test_chat_returns_answer" time="1.767" /><testcase classname="backend.tests.test_reader_api" name="test_chat_404_when_no_pages" time="0.047" /><testcase classname="backend.tests.test_reader_api" name="test_analyze_blurry_image" time="2.665" /><testcase classname="backend.tests.test_reader_api" name="test_delete_pages_clears_session" time="0.141" /><testcase classname="backend.tests.test_reader_api" name="test_delete_nonexistent_session_returns_zero" time="0.048" /></testsuite></testsuites>